<?xml version="1.0" encoding="utf-8"?><testsuites name="pytest tests"><testsuite name="pytest" errors="0" failures="0" skipped="0" tests="29" time="5.405" timestamp="2026-05-19T07:17:53.124723+00:00" hostname="agent-env-27590e8e-3929-4b67-b616-ef481f13c889"><testcase classname="backend.tests.iteration2_test.TestCMS" name="test_get_content_public_no_auth" time="0.261" /><testcase classname="backend.tests.iteration2_test.TestCMS" name="test_put_content_requires_auth" time="0.116" /><testcase classname="backend.tests.iteration2_test.TestCMS" name="test_put_content_updates" time="0.526" /><testcase classname="backend.tests.iteration2_test.TestItemMaster" name="test_list_items" time="0.101" /><testcase classname="backend.tests.iteration2_test.TestItemMaster" name="test_create_item" time="0.184" /><testcase classname="backend.tests.iteration2_test.TestItemMaster" name="test_create_duplicate_sku_409" time="0.120" /><testcase classname="backend.tests.iteration2_test.TestItemMaster" name="test_patch_item" time="0.105" /><testcase classname="backend.tests.iteration2_test.TestItemMaster" name="test_delete_item" time="0.153" /><testcase classname="backend.tests.iteration2_test.TestItemMaster" name="test_categories_crud" time="0.306" /><testcase classname="backend.tests.iteration2_test.TestItemMaster" name="test_sample_csv" time="0.097" /><testcase classname="backend.tests.iteration2_test.TestItemMaster" name="test_bulk_upload" time="0.234" /><testcase classname="backend.tests.iteration2_test.TestStores" name="test_stores_sample_csv" time="0.095" /><testcase classname="backend.tests.iteration2_test.TestStores" name="test_stores_bulk_upload" time="0.310" /><testcase classname="backend.tests.iteration2_test.TestStores" name="test_stores_patch" time="0.095" /><testcase classname="backend.tests.iteration2_test.TestStores" name="test_stores_delete_deactivates" time="0.252" /><testcase classname="backend.tests.iteration2_test.TestAnalytics" name="test_sales_dashboard" time="0.129" /><testcase classname="backend.tests.iteration2_test.TestAnalytics" name="test_customer_dashboard" time="0.107" /><testcase classname="backend.tests.iteration2_test.TestAnalytics" name="test_loyalty_dashboard" time="0.133" /><testcase classname="backend.tests.iteration2_test.TestAnalytics" name="test_campaign_dashboard" time="0.095" /><testcase classname="backend.tests.iteration2_test.TestAnalytics" name="test_store_dashboard" time="0.196" /><testcase classname="backend.tests.iteration2_test.TestAnalytics" name="test_nps_dashboard" time="0.099" /><testcase classname="backend.tests.iteration2_test.TestAnalytics" name="test_transaction_detail" time="0.204" /><testcase classname="backend.tests.iteration2_test.TestAnalytics" name="test_transaction_detail_404" time="0.112" /><testcase classname="backend.tests.iteration2_test.TestAnalytics" name="test_coupon_detail" time="0.214" /><testcase classname="backend.tests.iteration2_test.TestTickets" name="test_create_and_get_single" time="0.331" /><testcase classname="backend.tests.iteration2_test.TestTickets" name="test_add_note_and_visible" time="0.200" /><testcase classname="backend.tests.iteration2_test.TestTickets" name="test_get_single_404" time="0.097" /><testcase classname="backend.tests.iteration2_test.TestCouponEdit" name="test_patch_coupon" time="0.315" /><testcase classname="backend.tests.iteration2_test.TestCustomerFilter" name="test_churn_risk_high" time="0.095" /></testsuite></testsuites>