<?xml version="1.0" encoding="utf-8"?><testsuites name="pytest tests"><testsuite name="pytest" errors="0" failures="0" skipped="0" tests="14" time="16.019" timestamp="2026-05-19T10:27:14.055826+00:00" hostname="agent-env-27590e8e-3929-4b67-b616-ef481f13c889"><testcase classname="backend.tests.iteration8_test.TestAIChat" name="test_chat_uses_tools" time="5.114" /><testcase classname="backend.tests.iteration8_test.TestAIChat" name="test_chat_stream_sse" time="3.817" /><testcase classname="backend.tests.iteration8_test.TestAIChat" name="test_chat_upload_csv" time="3.115" /><testcase classname="backend.tests.iteration8_test.TestAIChat" name="test_sessions_list" time="0.164" /><testcase classname="backend.tests.iteration8_test.TestCampaignROI" name="test_funnel_nonzero" time="0.122" /><testcase classname="backend.tests.iteration8_test.TestBulkBackground" name="test_dry_run" time="0.213" /><testcase classname="backend.tests.iteration8_test.TestBulkBackground" name="test_background_job_lifecycle" time="0.811" /><testcase classname="backend.tests.iteration8_test.TestBulkBackground" name="test_list_bulk_jobs" time="0.096" /><testcase classname="backend.tests.iteration8_test.TestWABAApproval" name="test_waba_guard_and_approval" time="0.411" /><testcase classname="backend.tests.iteration8_test.TestExecDigest" name="test_run_now" time="0.191" /><testcase classname="backend.tests.iteration8_test.TestExecDigest" name="test_list_digests" time="0.105" /><testcase classname="backend.tests.iteration8_test.TestExecDigest" name="test_latest" time="0.102" /><testcase classname="backend.tests.iteration8_test.TestExecDigest" name="test_download" time="0.103" /><testcase classname="backend.tests.iteration8_test.TestRegression" name="test_endpoints_200" time="1.581" /></testsuite></testsuites>