<?xml version="1.0" encoding="utf-8"?><testsuites name="pytest tests"><testsuite name="pytest" errors="0" failures="1" skipped="0" tests="9" time="6.580" timestamp="2026-06-08T06:26:13.187096+00:00" hostname="agent-env-c19675b8-82a2-45bc-b274-ca1e3988b012"><testcase classname="backend.tests.iteration19_demo_test.TestDemoSession" name="test_session_public_no_auth" time="0.277" /><testcase classname="backend.tests.iteration19_demo_test.TestDemoReads" name="test_get_users_ok" time="0.110" /><testcase classname="backend.tests.iteration19_demo_test.TestDemoReads" name="test_dashboard_insight_allowlisted_post" time="0.115" /><testcase classname="backend.tests.iteration19_demo_test.TestDemoWriteBlocked" name="test_post_users_blocked_403" time="0.110" /><testcase classname="backend.tests.iteration19_demo_test.TestDemoTTS" name="test_tts_returns_audio_and_caches" time="0.263" /><testcase classname="backend.tests.iteration19_demo_test.TestDemoAiChat" name="test_ai_chat_read_ok" time="2.620" /><testcase classname="backend.tests.iteration19_demo_test.TestDemoAiChat" name="test_ai_chat_write_refused" time="2.568"><failure message="AssertionError: expected refusal, got: Before I deactivate anyone, I need to confirm the exact customer and capture an audit reason.&#10;  &#10;  1) You want me to **deactivate the customer with mobile 9266681235** (set `is_active=false`, stops campaigns), correct?  &#10;  2) What **reason** should I log for audit? (e.g., “Customer request”, “Wrong number”, “Fraud prevention”, etc.)&#10;  &#10;  Once you confirm + share the reason, I’ll look up the profile and proc&#10;assert False&#10; +  where False = any(&lt;generator object TestDemoAiChat.test_ai_chat_write_refused.&lt;locals&gt;.&lt;genexpr&gt; at 0xfd633b2ca0a0&gt;)">E   AssertionError: expected refusal, got: Before I deactivate anyone, I need to confirm the exact customer and capture an audit reason.
      
      1) You want me to **deactivate the customer with mobile 9266681235** (set `is_active=false`, stops campaigns), correct?  
      2) What **reason** should I log for audit? (e.g., “Customer request”, “Wrong number”, “Fraud prevention”, etc.)
      
      Once you confirm + share the reason, I’ll look up the profile and proc
    assert False
     +  where False = any(&lt;generator object TestDemoAiChat.test_ai_chat_write_refused.&lt;locals&gt;.&lt;genexpr&gt; at 0xfd633b2ca0a0&gt;)</failure></testcase><testcase classname="backend.tests.iteration19_demo_test.TestSuperAdminRegression" name="test_super_login" time="0.339" /><testcase classname="backend.tests.iteration19_demo_test.TestSuperAdminRegression" name="test_super_can_get_users" time="0.104" /></testsuite></testsuites>