<?xml version="1.0" encoding="utf-8"?><testsuites name="pytest tests"><testsuite name="pytest" errors="0" failures="0" skipped="0" tests="17" time="14.651" timestamp="2026-06-25T07:44:42.169550+00:00" hostname="agent-env-8a7ab5d1-9e89-4df4-bcf3-7d9207b5bbb7"><testcase classname="backend.tests.iteration37_master_brain_v2_test.TestRBAC" name="test_super_admin_blocked[/master-brain/action-log]" time="0.512" /><testcase classname="backend.tests.iteration37_master_brain_v2_test.TestRBAC" name="test_super_admin_blocked[/master-brain/campaigns]" time="0.098" /><testcase classname="backend.tests.iteration37_master_brain_v2_test.TestRBAC" name="test_super_admin_blocked[/master-brain/datasets]" time="0.096" /><testcase classname="backend.tests.iteration37_master_brain_v2_test.TestRBAC" name="test_super_admin_blocked[/master-brain/sessions]" time="0.106" /><testcase classname="backend.tests.iteration37_master_brain_v2_test.TestRBAC" name="test_super_admin_blocked[/master-brain/suggested-prompts]" time="0.091" /><testcase classname="backend.tests.iteration37_master_brain_v2_test.TestRBAC" name="test_master_admin_allowed[/master-brain/action-log]" time="0.418" /><testcase classname="backend.tests.iteration37_master_brain_v2_test.TestRBAC" name="test_master_admin_allowed[/master-brain/campaigns]" time="0.095" /><testcase classname="backend.tests.iteration37_master_brain_v2_test.TestRBAC" name="test_master_admin_allowed[/master-brain/datasets]" time="0.097" /><testcase classname="backend.tests.iteration37_master_brain_v2_test.TestRBAC" name="test_master_admin_allowed[/master-brain/sessions]" time="0.103" /><testcase classname="backend.tests.iteration37_master_brain_v2_test.TestRBAC" name="test_master_admin_allowed[/master-brain/suggested-prompts]" time="0.105" /><testcase classname="backend.tests.iteration37_master_brain_v2_test.TestActionLog" name="test_action_log_shape" time="0.098" /><testcase classname="backend.tests.iteration37_master_brain_v2_test.TestUndoFlow" name="test_grant_then_undo_then_double_undo" time="12.044" /><testcase classname="backend.tests.iteration37_master_brain_v2_test.TestUndoFlow" name="test_undo_empty_reason_rejected" time="0.101" /><testcase classname="backend.tests.iteration37_master_brain_v2_test.TestCampaigns" name="test_list_campaigns_shape" time="0.097" /><testcase classname="backend.tests.iteration37_master_brain_v2_test.TestDatasets" name="test_list_datasets_shape" time="0.092" /><testcase classname="backend.tests.iteration37_master_brain_v2_test.TestDatasets" name="test_dataset_detail_with_search" time="0.325" /><testcase classname="backend.tests.iteration37_master_brain_v2_test.TestDatasets" name="test_dataset_unknown_id_404" time="0.102" /></testsuite></testsuites>