<?xml version="1.0" encoding="utf-8"?><testsuites name="pytest tests"><testsuite name="pytest" errors="0" failures="0" skipped="0" tests="7" time="11.262" timestamp="2026-06-08T08:53:04.887767+00:00" hostname="agent-env-c19675b8-82a2-45bc-b274-ca1e3988b012"><testcase classname="tests.iteration20_upgrade_bonus_and_strict_store_test.TestLoyaltyConfigUpgradeBonus" name="test_get_config_returns_upgrade_bonus_on_each_tier" time="0.504" /><testcase classname="tests.iteration20_upgrade_bonus_and_strict_store_test.TestLoyaltyConfigUpgradeBonus" name="test_put_config_persists_upgrade_bonus" time="0.492" /><testcase classname="tests.iteration20_upgrade_bonus_and_strict_store_test.TestPOSRejectionLogged" name="test_unknown_store_logs_api_monitor_400" time="0.229" /><testcase classname="tests.iteration20_upgrade_bonus_and_strict_store_test.TestUpgradeBonusCredit" name="test_tier_promotion_credits_upgrade_bonus" time="3.529" /><testcase classname="tests.iteration17_store_resolution_test" name="test_known_store_code_accepts_and_links_txn" time="3.139" /><testcase classname="tests.iteration17_store_resolution_test" name="test_repeat_known_store_code_reuses_same_store" time="3.136" /><testcase classname="tests.iteration17_store_resolution_test" name="test_unknown_store_code_is_rejected" time="0.152" /></testsuite></testsuites>