<?xml version="1.0" encoding="utf-8"?><testsuites name="pytest tests"><testsuite name="pytest" errors="0" failures="0" skipped="0" tests="5" time="2.028" timestamp="2026-06-09T15:00:09.828798+00:00" hostname="agent-env-6d394029-d659-40b7-a1bc-bad4954ef780"><testcase classname="backend.tests.iteration63_lost_customer_welcome_bonus_test" name="test_lost_customer_and_welcome_bonus" time="0.217" /><testcase classname="backend.tests.iteration64_lost_customer_full_e2e_test" name="test_pos_add_customer_rejects_invalid_mobile_and_credits_welcome_once" time="0.606" /><testcase classname="backend.tests.iteration64_lost_customer_full_e2e_test" name="test_customer_dashboard_lifecycle_split_three_way" time="0.511" /><testcase classname="backend.tests.iteration64_lost_customer_full_e2e_test" name="test_message_log_list_and_filters" time="0.427" /><testcase classname="backend.tests.iteration64_lost_customer_full_e2e_test" name="test_live_monitor_transactions_expose_lost_customer_fields" time="0.121" /></testsuite></testsuites>