<?xml version="1.0" encoding="utf-8"?><testsuites name="pytest tests"><testsuite name="pytest" errors="0" failures="0" skipped="0" tests="40" time="2.679" timestamp="2026-06-09T10:57:13.711729+00:00" hostname="agent-env-6d394029-d659-40b7-a1bc-bad4954ef780"><testcase classname="backend.tests.iteration59_dashboards_smoke_test.TestCommandCenter" name="test_command_center_period_all" time="0.302" /><testcase classname="backend.tests.iteration59_dashboards_smoke_test.TestCommandCenter" name="test_command_center_other_periods[today]" time="0.047" /><testcase classname="backend.tests.iteration59_dashboards_smoke_test.TestCommandCenter" name="test_command_center_other_periods[7d]" time="0.070" /><testcase classname="backend.tests.iteration59_dashboards_smoke_test.TestCommandCenter" name="test_command_center_other_periods[30d]" time="0.052" /><testcase classname="backend.tests.iteration59_dashboards_smoke_test.TestCommandCenter" name="test_command_center_other_periods[90d]" time="0.049" /><testcase classname="backend.tests.iteration59_dashboards_smoke_test.TestCommandCenter" name="test_command_center_other_periods[1y]" time="0.049" /><testcase classname="backend.tests.iteration59_dashboards_smoke_test.TestCommandCenter" name="test_command_center_other_periods[mtd]" time="0.049" /><testcase classname="backend.tests.iteration59_dashboards_smoke_test.TestCommandCenter" name="test_command_center_other_periods[ytd]" time="0.049" /><testcase classname="backend.tests.iteration59_dashboards_smoke_test.TestCommandCenter" name="test_command_center_with_city_filter" time="0.099" /><testcase classname="backend.tests.iteration59_dashboards_smoke_test.TestAnalyticsDashboards" name="test_dashboard_200[/api/analytics/sales-dashboard]" time="0.047" /><testcase classname="backend.tests.iteration59_dashboards_smoke_test.TestAnalyticsDashboards" name="test_dashboard_200[/api/analytics/customer-dashboard]" time="0.051" /><testcase classname="backend.tests.iteration59_dashboards_smoke_test.TestAnalyticsDashboards" name="test_dashboard_200[/api/analytics/loyalty-dashboard]" time="0.095" /><testcase classname="backend.tests.iteration59_dashboards_smoke_test.TestAnalyticsDashboards" name="test_dashboard_200[/api/analytics/campaign-dashboard]" time="0.044" /><testcase classname="backend.tests.iteration59_dashboards_smoke_test.TestAnalyticsDashboards" name="test_dashboard_200[/api/analytics/store-dashboard]" time="0.047" /><testcase classname="backend.tests.iteration59_dashboards_smoke_test.TestAnalyticsDashboards" name="test_dashboard_200[/api/analytics/nps-dashboard]" time="0.044" /><testcase classname="backend.tests.iteration59_dashboards_smoke_test.TestFundleBrainDashboards" name="test_fb_dashboard_200[/api/dashboard/rfm]" time="0.045" /><testcase classname="backend.tests.iteration59_dashboards_smoke_test.TestFundleBrainDashboards" name="test_fb_dashboard_200[/api/dashboard/cohorts-segmentation]" time="0.049" /><testcase classname="backend.tests.iteration59_dashboards_smoke_test.TestFundleBrainDashboards" name="test_fb_dashboard_200[/api/dashboard/points-economics]" time="0.162" /><testcase classname="backend.tests.iteration59_dashboards_smoke_test.TestFundleBrainDashboards" name="test_fb_dashboard_200[/api/dashboard/campaign-roi]" time="0.045" /><testcase classname="backend.tests.iteration59_dashboards_smoke_test.TestFundleBrainDashboards" name="test_fb_dashboard_200[/api/dashboard/executive-summary]" time="0.050" /><testcase classname="backend.tests.iteration59_dashboards_smoke_test.TestFundleBrainDashboards" name="test_fb_dashboard_200[/api/dashboard/store-performance-v2]" time="0.050" /><testcase classname="backend.tests.iteration59_dashboards_smoke_test.TestSalesAuxEndpoints" name="test_sales_trend" time="0.045" /><testcase classname="backend.tests.iteration59_dashboards_smoke_test.TestSalesAuxEndpoints" name="test_filter_options" time="0.045" /><testcase classname="backend.tests.iteration59_dashboards_smoke_test.TestSalesAuxEndpoints" name="test_city_performance" time="0.045" /><testcase classname="backend.tests.iteration59_dashboards_smoke_test.TestRawReports" name="test_report_200[customer-data-city]" time="0.045" /><testcase classname="backend.tests.iteration59_dashboards_smoke_test.TestRawReports" name="test_report_200[customer-data-tier]" time="0.044" /><testcase classname="backend.tests.iteration59_dashboards_smoke_test.TestRawReports" name="test_report_200[customer-data-month]" time="0.045" /><testcase classname="backend.tests.iteration59_dashboards_smoke_test.TestRawReports" name="test_report_200[customer-data-state]" time="0.045" /><testcase classname="backend.tests.iteration59_dashboards_smoke_test.TestRawReports" name="test_report_200[customer-data-zone]" time="0.068" /><testcase classname="backend.tests.iteration59_dashboards_smoke_test.TestRawReports" name="test_report_200[transaction-data-city]" time="0.045" /><testcase classname="backend.tests.iteration59_dashboards_smoke_test.TestRawReports" name="test_report_200[transaction-data-month]" time="0.093" /><testcase classname="backend.tests.iteration59_dashboards_smoke_test.TestRawReports" name="test_report_200[transaction-data-location]" time="0.054" /><testcase classname="backend.tests.iteration59_dashboards_smoke_test.TestRawReports" name="test_report_200[repeat-purchases-None]" time="0.066" /><testcase classname="backend.tests.iteration59_dashboards_smoke_test.TestRawReports" name="test_report_200[earn-redeem-None]" time="0.047" /><testcase classname="backend.tests.iteration59_dashboards_smoke_test.TestRawReports" name="test_report_200[customers-by-visit-None]" time="0.046" /><testcase classname="backend.tests.iteration59_dashboards_smoke_test.TestLiveMonitor" name="test_stats_today" time="0.046" /><testcase classname="backend.tests.iteration59_dashboards_smoke_test.TestLiveMonitor" name="test_stats_365d" time="0.067" /><testcase classname="backend.tests.iteration59_dashboards_smoke_test.TestCustomer360" name="test_customers_list_paginated" time="0.082" /><testcase classname="backend.tests.iteration59_dashboards_smoke_test.TestCustomer360" name="test_customers_search_prefix" time="0.046" /><testcase classname="backend.tests.iteration59_dashboards_smoke_test.TestCustomer360" name="test_customer_360_detail" time="0.115" /></testsuite></testsuites>