<?xml version="1.0" encoding="utf-8"?><testsuites name="pytest tests"><testsuite name="pytest" errors="0" failures="0" skipped="0" tests="19" time="2.394" timestamp="2026-06-05T15:05:57.229908+00:00" hostname="agent-env-8a194752-b9c8-487b-bd6a-92d16919cab7"><testcase classname="backend.tests.iteration16_loyalty_logic_editor_test.TestLoyaltyConfigRead" name="test_get_config_has_all_new_fields" time="0.544" /><testcase classname="backend.tests.iteration16_loyalty_logic_editor_test.TestLoyaltyConfigUpdateValidations" name="test_invalid_earn_mode_rejected" time="0.051" /><testcase classname="backend.tests.iteration16_loyalty_logic_editor_test.TestLoyaltyConfigUpdateValidations" name="test_invalid_reset_cadence_rejected" time="0.060" /><testcase classname="backend.tests.iteration16_loyalty_logic_editor_test.TestLoyaltyConfigUpdateValidations" name="test_tier_ordering_overlap_rejected" time="0.057" /><testcase classname="backend.tests.iteration16_loyalty_logic_editor_test.TestLoyaltyConfigUpdateValidations" name="test_tier_max_less_than_min_rejected" time="0.051" /><testcase classname="backend.tests.iteration16_loyalty_logic_editor_test.TestLoyaltyConfigUpdateValidations" name="test_happy_path_update" time="0.116" /><testcase classname="backend.tests.iteration16_loyalty_logic_editor_test.TestTierCRUD" name="test_add_tier" time="0.100" /><testcase classname="backend.tests.iteration16_loyalty_logic_editor_test.TestTierCRUD" name="test_add_tier_duplicate_rejected" time="0.096" /><testcase classname="backend.tests.iteration16_loyalty_logic_editor_test.TestTierCRUD" name="test_toggle_tier_active" time="0.138" /><testcase classname="backend.tests.iteration16_loyalty_logic_editor_test.TestTierCRUD" name="test_toggle_unknown_tier_404" time="0.072" /><testcase classname="backend.tests.iteration16_loyalty_logic_editor_test.TestTierCRUD" name="test_delete_tier" time="0.054" /><testcase classname="backend.tests.iteration16_loyalty_logic_editor_test.TestTierCRUD" name="test_delete_unknown_tier_404" time="0.052" /><testcase classname="backend.tests.iteration16_loyalty_logic_editor_test.TestFestivalBoosters" name="test_add_and_delete_booster" time="0.100" /><testcase classname="backend.tests.iteration16_loyalty_logic_editor_test.TestSimulator" name="test_simulate_default_mode" time="0.105" /><testcase classname="backend.tests.iteration16_loyalty_logic_editor_test.TestSimulator" name="test_simulate_below_min_bill" time="0.109" /><testcase classname="backend.tests.iteration16_loyalty_logic_editor_test.TestSimulator" name="test_simulate_percent_of_spend_mode" time="0.155" /><testcase classname="backend.tests.iteration16_loyalty_logic_editor_test.TestSimulator" name="test_simulate_store_type_multiplier" time="0.109" /><testcase classname="backend.tests.iteration16_loyalty_logic_editor_test.TestSimulator" name="test_simulate_category_multiplier" time="0.112" /><testcase classname="backend.tests.iteration16_loyalty_logic_editor_test.TestSimulator" name="test_simulate_festival_booster_applied" time="0.216" /></testsuite></testsuites>