<?xml version="1.0" encoding="utf-8"?><testsuites name="pytest tests"><testsuite name="pytest" errors="0" failures="0" skipped="1" tests="12" time="2.122" timestamp="2026-06-25T05:43:29.534831+00:00" hostname="agent-env-8a7ab5d1-9e89-4df4-bcf3-7d9207b5bbb7"><testcase classname="backend.tests.iteration35_master_brain_test.TestRBACFlag" name="test_master_admin_flag_true" time="1.024" /><testcase classname="backend.tests.iteration35_master_brain_test.TestRBACFlag" name="test_super_admin_flag_false" time="0.451" /><testcase classname="backend.tests.iteration35_master_brain_test.TestMasterBrainAPIGating" name="test_super_admin_denied_chat" time="0.044" /><testcase classname="backend.tests.iteration35_master_brain_test.TestMasterBrainAPIGating" name="test_super_admin_denied_sessions" time="0.043" /><testcase classname="backend.tests.iteration35_master_brain_test.TestMasterBrainAPIGating" name="test_super_admin_denied_action_log" time="0.042" /><testcase classname="backend.tests.iteration35_master_brain_test.TestMasterBrainAPIGating" name="test_anon_denied" time="0.104" /><testcase classname="backend.tests.iteration35_master_brain_test.TestMasterBrainAPIGating" name="test_master_admin_sessions_ok" time="0.043" /><testcase classname="backend.tests.iteration35_master_brain_test.TestMasterBrainAPIGating" name="test_master_admin_action_log_shape" time="0.083" /><testcase classname="backend.tests.iteration35_master_brain_test.TestMasterBrainAPIGating" name="test_master_admin_suggested_prompts" time="0.043" /><testcase classname="backend.tests.iteration35_master_brain_test.TestUserMgmtIsMasterAdmin" name="test_non_super_admin_cannot_patch_is_master_admin" time="0.043" /><testcase classname="backend.tests.iteration35_master_brain_test.TestUserMgmtIsMasterAdmin" name="test_super_admin_can_view_users" time="0.042" /><testcase classname="backend.tests.iteration35_master_brain_test.TestScratchCustomer" name="test_scratch_customer_exists" time="0.083"><skipped type="pytest.skip" message="by-mobile route missing; will validate via UI flow">/app/backend/tests/iteration35_master_brain_test.py:142: by-mobile route missing; will validate via UI flow</skipped></testcase></testsuite></testsuites>