<?xml version="1.0" encoding="utf-8"?><testsuites name="pytest tests"><testsuite name="pytest" errors="0" failures="0" skipped="0" tests="25" time="7.987" timestamp="2026-05-20T09:38:10.506871+00:00" hostname="agent-env-d4f8cbfe-dada-480b-bfce-0b1abaf515e9"><testcase classname="backend.tests.iteration10_pos_test.TestBootstrap" name="test_default_credential_exists" time="0.601" /><testcase classname="backend.tests.iteration10_pos_test.TestBootstrap" name="test_test_customer_seeded" time="0.211" /><testcase classname="backend.tests.iteration10_pos_test.TestPosAuth" name="test_bad_api_key_403" time="0.094" /><testcase classname="backend.tests.iteration10_pos_test.TestPosAuth" name="test_missing_api_key_403" time="0.108" /><testcase classname="backend.tests.iteration10_pos_test.TestPosAuth" name="test_wrong_merchant_id_403" time="0.122" /><testcase classname="backend.tests.iteration10_pos_test.TestPosAuth" name="test_wrong_customer_key_403" time="0.108" /><testcase classname="backend.tests.iteration10_pos_test.TestCustomerCheck" name="test_not_registered_mobile" time="0.103" /><testcase classname="backend.tests.iteration10_pos_test.TestOTPFlow" name="test_otp_request_and_verify" time="0.219" /><testcase classname="backend.tests.iteration10_pos_test.TestOTPFlow" name="test_bad_otp_400" time="0.237" /><testcase classname="backend.tests.iteration10_pos_test.TestAddCustomer" name="test_register_then_update" time="0.200" /><testcase classname="backend.tests.iteration10_pos_test.TestRedeemFlow" name="test_redeem_request_and_verify_otp" time="0.430" /><testcase classname="backend.tests.iteration10_pos_test.TestRedeemFlow" name="test_insufficient_balance" time="0.113" /><testcase classname="backend.tests.iteration10_pos_test.TestAddPoint" name="test_unique_bill_settlement" time="1.670" /><testcase classname="backend.tests.iteration10_pos_test.TestAddPoint" name="test_duplicate_bill_rejected" time="0.130" /><testcase classname="backend.tests.iteration10_pos_test.TestCoupons" name="test_coupon_details_valid" time="0.132" /><testcase classname="backend.tests.iteration10_pos_test.TestCoupons" name="test_coupon_invalid_code" time="0.113" /><testcase classname="backend.tests.iteration10_pos_test.TestCoupons" name="test_coupon_min_bill" time="0.101" /><testcase classname="backend.tests.iteration10_pos_test.TestCoupons" name="test_coupon_redeem_increments_counter" time="0.202" /><testcase classname="backend.tests.iteration10_pos_test.TestReturnOrder" name="test_return_existing_bill" time="1.767" /><testcase classname="backend.tests.iteration10_pos_test.TestLiveMonitor" name="test_transactions" time="0.098" /><testcase classname="backend.tests.iteration10_pos_test.TestLiveMonitor" name="test_transactions_filter_has_mobile_no" time="0.099" /><testcase classname="backend.tests.iteration10_pos_test.TestLiveMonitor" name="test_transactions_amount_filter" time="0.105" /><testcase classname="backend.tests.iteration10_pos_test.TestLiveMonitor" name="test_stats" time="0.097" /><testcase classname="backend.tests.iteration10_pos_test.TestApiMonitor" name="test_logs_list_with_payloads" time="0.708" /><testcase classname="backend.tests.iteration10_pos_test.TestApiMonitor" name="test_log_detail" time="0.117" /></testsuite></testsuites>