<?xml version="1.0" encoding="utf-8"?><testsuites name="pytest tests"><testsuite name="pytest" errors="0" failures="0" skipped="0" tests="21" time="6.150" timestamp="2026-05-19T11:09:49.443592+00:00" hostname="agent-env-27590e8e-3929-4b67-b616-ef481f13c889"><testcase classname="backend.tests.iteration9_test.TestSchema" name="test_schema_customers" time="0.514" /><testcase classname="backend.tests.iteration9_test.TestSchema" name="test_schema_transactions" time="0.116" /><testcase classname="backend.tests.iteration9_test.TestSchema" name="test_schema_stores" time="0.118" /><testcase classname="backend.tests.iteration9_test.TestSchema" name="test_schema_items" time="0.111" /><testcase classname="backend.tests.iteration9_test.TestSchema" name="test_schema_invalid" time="0.103" /><testcase classname="backend.tests.iteration9_test.TestIngestCustomers" name="test_customers_dry_run" time="0.337" /><testcase classname="backend.tests.iteration9_test.TestIngestCustomers" name="test_customers_live" time="0.320" /><testcase classname="backend.tests.iteration9_test.TestIngestTransactions" name="test_txn_live" time="0.267" /><testcase classname="backend.tests.iteration9_test.TestIngestTransactions" name="test_command_center_non_zero" time="0.098" /><testcase classname="backend.tests.iteration9_test.TestIngestErrors" name="test_malformed_csv" time="0.204" /><testcase classname="backend.tests.iteration9_test.TestJobsList" name="test_jobs_list" time="0.097" /><testcase classname="backend.tests.iteration9_test.TestPurge" name="test_purge_preview" time="0.099" /><testcase classname="backend.tests.iteration9_test.TestPurge" name="test_purge_without_confirm" time="0.115" /><testcase classname="backend.tests.iteration9_test.TestRBAC" name="test_store_manager_forbidden" time="0.530" /><testcase classname="backend.tests.iteration9_test.TestDashboards" name="test_command_center" time="0.107" /><testcase classname="backend.tests.iteration9_test.TestDashboards" name="test_customer_analytics" time="0.107" /><testcase classname="backend.tests.iteration9_test.TestDashboards" name="test_store_performance" time="0.103" /><testcase classname="backend.tests.iteration9_test.TestDashboards" name="test_rfm" time="0.103" /><testcase classname="backend.tests.iteration9_test.TestRegression" name="test_ai_chat" time="2.372" /><testcase classname="backend.tests.iteration9_test.TestRegression" name="test_templates" time="0.123" /><testcase classname="backend.tests.iteration9_test.TestRegression" name="test_digests" time="0.107" /></testsuite></testsuites>