<?xml version="1.0" encoding="utf-8"?><testsuites name="pytest tests"><testsuite name="pytest" errors="0" failures="0" skipped="1" tests="8" time="1.744" timestamp="2026-06-09T10:16:21.539393+00:00" hostname="agent-env-6d394029-d659-40b7-a1bc-bad4954ef780"><testcase classname="backend.tests.iteration58_customer360_livemon_test.TestCustomerSearch" name="test_search_by_mobile_prefix_600_is_fast_and_returns_items" time="0.627" /><testcase classname="backend.tests.iteration58_customer360_livemon_test.TestCustomerSearch" name="test_search_empty_q_returns_paged" time="0.126" /><testcase classname="backend.tests.iteration58_customer360_livemon_test.TestCustomer360Detail" name="test_target_customer_360_not_blank" time="0.156" /><testcase classname="backend.tests.iteration58_customer360_livemon_test.TestCustomer360Detail" name="test_customer_360_for_unknown_id_returns_404_or_empty" time="0.106" /><testcase classname="backend.tests.iteration58_customer360_livemon_test.TestLiveMonitorStats" name="test_stats_window_525600_has_revenue_and_loyalty" time="0.107" /><testcase classname="backend.tests.iteration58_customer360_livemon_test.TestLiveMonitorStats" name="test_stats_today_default_window_works" time="0.111" /><testcase classname="backend.tests.iteration58_customer360_livemon_test.TestLiveMonitorStoreCode" name="test_transactions_have_store_code_when_store_id_present" time="0.109" /><testcase classname="backend.tests.iteration58_customer360_livemon_test.TestLiveMonitorStoreCode" name="test_top_stores_endpoint_returns_codes" time="0.231"><skipped type="pytest.skip" message="no top_stores payload found in either endpoint">/app/backend/tests/iteration58_customer360_livemon_test.py:156: no top_stores payload found in either endpoint</skipped></testcase></testsuite></testsuites>