<?xml version="1.0" encoding="utf-8"?><testsuites name="pytest tests"><testsuite name="pytest" errors="0" failures="0" skipped="0" tests="17" time="13.454" timestamp="2026-06-08T10:07:03.680534+00:00" hostname="agent-env-c19675b8-82a2-45bc-b274-ca1e3988b012"><testcase classname="tests.iteration21_tier_delete_otp_live_monitor_test.TestTierDeletePersistence" name="test_add_then_delete_persists_in_config" time="0.920" /><testcase classname="tests.iteration21_tier_delete_otp_live_monitor_test.TestTierDeletePersistence" name="test_delete_unknown_slug_returns_404" time="0.106" /><testcase classname="tests.iteration21_tier_delete_otp_live_monitor_test.TestTierDeletePersistence" name="test_cannot_delete_last_remaining_tier" time="0.429" /><testcase classname="tests.iteration21_tier_delete_otp_live_monitor_test.TestPOSOTPBestEffortDispatch" name="test_pos_customer_check_otp_works_without_otp_template" time="0.189" /><testcase classname="tests.iteration21_tier_delete_otp_live_monitor_test.TestLiveMonitorDateRange" name="test_stats_wide_range_returns_bills" time="0.102" /><testcase classname="tests.iteration21_tier_delete_otp_live_monitor_test.TestLiveMonitorDateRange" name="test_stats_future_range_zero_bills" time="0.107" /><testcase classname="tests.iteration21_tier_delete_otp_live_monitor_test.TestLiveMonitorDateRange" name="test_transactions_wide_range_returns_rows" time="0.111" /><testcase classname="tests.iteration21_tier_delete_otp_live_monitor_test.TestLiveMonitorDateRange" name="test_transactions_future_range_zero_rows" time="0.103" /><testcase classname="tests.iteration21_tier_delete_otp_live_monitor_test.TestLiveMonitorDateRange" name="test_relative_window_still_works" time="0.208" /><testcase classname="tests.iteration21_tier_delete_otp_live_monitor_test.TestLoyaltyConfigRegression" name="test_put_config_with_valid_tiers_succeeds_and_upgrade_bonus_preserved" time="0.202" /><testcase classname="tests.iteration20_upgrade_bonus_and_strict_store_test.TestLoyaltyConfigUpgradeBonus" name="test_get_config_returns_upgrade_bonus_on_each_tier" time="0.424" /><testcase classname="tests.iteration20_upgrade_bonus_and_strict_store_test.TestLoyaltyConfigUpgradeBonus" name="test_put_config_persists_upgrade_bonus" time="0.415" /><testcase classname="tests.iteration20_upgrade_bonus_and_strict_store_test.TestPOSRejectionLogged" name="test_unknown_store_logs_api_monitor_400" time="0.104" /><testcase classname="tests.iteration20_upgrade_bonus_and_strict_store_test.TestUpgradeBonusCredit" name="test_tier_promotion_credits_upgrade_bonus" time="3.529" /><testcase classname="tests.iteration17_store_resolution_test" name="test_known_store_code_accepts_and_links_txn" time="3.142" /><testcase classname="tests.iteration17_store_resolution_test" name="test_repeat_known_store_code_reuses_same_store" time="3.119" /><testcase classname="tests.iteration17_store_resolution_test" name="test_unknown_store_code_is_rejected" time="0.168" /></testsuite></testsuites>