<?xml version="1.0" encoding="utf-8"?><testsuites name="pytest tests"><testsuite name="pytest" errors="0" failures="1" skipped="0" tests="31" time="9.836" timestamp="2026-05-19T07:57:09.354974+00:00" hostname="agent-env-27590e8e-3929-4b67-b616-ef481f13c889"><testcase classname="backend.tests.iteration3_test.TestDrilldown" name="test_drilldown_no_auth_returns_401" time="0.316" /><testcase classname="backend.tests.iteration3_test.TestDrilldown" name="test_drilldown_customers_pagination" time="0.489" /><testcase classname="backend.tests.iteration3_test.TestDrilldown" name="test_drilldown_users_no_password_hash" time="0.100" /><testcase classname="backend.tests.iteration3_test.TestDrilldown" name="test_drilldown_unknown_collection_400" time="0.138" /><testcase classname="backend.tests.iteration3_test.TestDrilldown" name="test_drilldown_store_scope_applied" time="0.433"><failure message="AssertionError: store_manager saw multiple stores: {'e7d65e84c3c244e8b180004b2358c816', 'd165b58ef76d46d680cb7189ab601583', '678372c5e76f420a95043cd2c27342db', 'b76ef173c0b7452fb4d98fef0e713f6b', 'f5f1aa2f012447b0bfa06e5324b2676a', 'dcd1e3dfac6e48e1a9f2cbc7ba2cf9ad', '13d3328c22ba49d5b5319661dd04a758', 'd15bf87ed60d4a0898dc29920641514e', 'de65f026a65c4cd2891f080c60d4524a', 'aa2ab83126444a3f95ddd8e64c15ff10', 'cdef5755b86640a496a8a983391b94e7', '24934c64c6384fcf86325e7640cd9d5f', 'db872359484c402ca88dec26206cc7bc', '5f150eaf8dca438c8d8b456c87f7808b', '72f1b0745b894a71adff409bc2542c80', '04d4aa90dba646648698721b8c806fab', 'ecc6615bc9c04f508ba66fe31eb04879', 'c3941ad7c06c4224ae429c924435e60c', 'b56d9b800087414e90576830f553d976', '78eb7822d22c4894bb1e94fe1b1dec18', 'bed0840c029d4516927719172e47fbe8', '01555684373746d29bab7a7409726046', '39b76ed348e5444c84764ce75d922169'}&#10;assert 23 &lt;= 1&#10; +  where 23 = len({'01555684373746d29bab7a7409726046', '04d4aa90dba646648698721b8c806fab', '13d3328c22ba49d5b5319661dd04a758', '24934c64c6384fcf86325e7640cd9d5f', '39b76ed348e5444c84764ce75d922169', '5f150eaf8dca438c8d8b456c87f7808b', ...})">backend/tests/iteration3_test.py:94: in test_drilldown_store_scope_applied
    assert len(store_ids) &lt;= 1, f"store_manager saw multiple stores: {store_ids}"
E   AssertionError: store_manager saw multiple stores: {'e7d65e84c3c244e8b180004b2358c816', 'd165b58ef76d46d680cb7189ab601583', '678372c5e76f420a95043cd2c27342db', 'b76ef173c0b7452fb4d98fef0e713f6b', 'f5f1aa2f012447b0bfa06e5324b2676a', 'dcd1e3dfac6e48e1a9f2cbc7ba2cf9ad', '13d3328c22ba49d5b5319661dd04a758', 'd15bf87ed60d4a0898dc29920641514e', 'de65f026a65c4cd2891f080c60d4524a', 'aa2ab83126444a3f95ddd8e64c15ff10', 'cdef5755b86640a496a8a983391b94e7', '24934c64c6384fcf86325e7640cd9d5f', 'db872359484c402ca88dec26206cc7bc', '5f150eaf8dca438c8d8b456c87f7808b', '72f1b0745b894a71adff409bc2542c80', '04d4aa90dba646648698721b8c806fab', 'ecc6615bc9c04f508ba66fe31eb04879', 'c3941ad7c06c4224ae429c924435e60c', 'b56d9b800087414e90576830f553d976', '78eb7822d22c4894bb1e94fe1b1dec18', 'bed0840c029d4516927719172e47fbe8', '01555684373746d29bab7a7409726046', '39b76ed348e5444c84764ce75d922169'}
E   assert 23 &lt;= 1
E    +  where 23 = len({'01555684373746d29bab7a7409726046', '04d4aa90dba646648698721b8c806fab', '13d3328c22ba49d5b5319661dd04a758', '24934c64c6384fcf86325e7640cd9d5f', '39b76ed348e5444c84764ce75d922169', '5f150eaf8dca438c8d8b456c87f7808b', ...})</failure></testcase><testcase classname="backend.tests.iteration3_test.TestDrilldown" name="test_drilldown_pagination_page2" time="0.236" /><testcase classname="backend.tests.iteration3_test.TestDrilldownCSV" name="test_csv_no_auth_401" time="0.137" /><testcase classname="backend.tests.iteration3_test.TestDrilldownCSV" name="test_csv_columns_streamed" time="0.147" /><testcase classname="backend.tests.iteration3_test.TestAIInsight" name="test_insight_no_auth_401" time="0.099" /><testcase classname="backend.tests.iteration3_test.TestAIInsight" name="test_insight_cache_flow" time="4.825" /><testcase classname="backend.tests.iteration3_test.TestCommandCenter" name="test_command_center_periods[today]" time="0.145" /><testcase classname="backend.tests.iteration3_test.TestCommandCenter" name="test_command_center_periods[7d]" time="0.141" /><testcase classname="backend.tests.iteration3_test.TestCommandCenter" name="test_command_center_periods[30d]" time="0.133" /><testcase classname="backend.tests.iteration3_test.TestCommandCenter" name="test_command_center_periods[90d]" time="0.158" /><testcase classname="backend.tests.iteration3_test.TestCommandCenter" name="test_command_center_periods[mtd]" time="0.134" /><testcase classname="backend.tests.iteration3_test.TestCommandCenter" name="test_command_center_periods[ytd]" time="0.157" /><testcase classname="backend.tests.iteration3_test.TestCommandCenter" name="test_command_center_no_auth_401" time="0.097" /><testcase classname="backend.tests.iteration3_test.TestCommandCenter" name="test_live_compute_active_customers_matches_drilldown" time="0.130" /><testcase classname="backend.tests.iteration3_test.TestCommandCenter" name="test_total_customers_matches_drilldown" time="0.228" /><testcase classname="backend.tests.iteration3_test.TestRegression" name="test_legacy_dashboard_endpoint[/api/dashboard/kpis?period=30d]" time="0.136" /><testcase classname="backend.tests.iteration3_test.TestRegression" name="test_legacy_dashboard_endpoint[/api/dashboard/sales-trend?period=30d]" time="0.106" /><testcase classname="backend.tests.iteration3_test.TestRegression" name="test_legacy_dashboard_endpoint[/api/dashboard/store-performance?period=30d]" time="0.106" /><testcase classname="backend.tests.iteration3_test.TestRegression" name="test_legacy_dashboard_endpoint[/api/dashboard/category-mix?period=30d]" time="0.114" /><testcase classname="backend.tests.iteration3_test.TestRegression" name="test_legacy_dashboard_endpoint[/api/dashboard/tier-distribution]" time="0.146" /><testcase classname="backend.tests.iteration3_test.TestRegression" name="test_legacy_dashboard_endpoint[/api/dashboard/top-skus?period=30d&amp;limit=5]" time="0.104" /><testcase classname="backend.tests.iteration3_test.TestRegression" name="test_legacy_dashboard_endpoint[/api/analytics/sales-dashboard]" time="0.120" /><testcase classname="backend.tests.iteration3_test.TestRegression" name="test_legacy_dashboard_endpoint[/api/analytics/customer-dashboard]" time="0.114" /><testcase classname="backend.tests.iteration3_test.TestRegression" name="test_legacy_dashboard_endpoint[/api/analytics/loyalty-dashboard]" time="0.127" /><testcase classname="backend.tests.iteration3_test.TestRegression" name="test_legacy_dashboard_endpoint[/api/analytics/campaign-dashboard]" time="0.110" /><testcase classname="backend.tests.iteration3_test.TestRegression" name="test_legacy_dashboard_endpoint[/api/analytics/store-dashboard]" time="0.138" /><testcase classname="backend.tests.iteration3_test.TestRegression" name="test_legacy_dashboard_endpoint[/api/analytics/nps-dashboard]" time="0.101" /></testsuite></testsuites>