<?xml version="1.0" encoding="utf-8"?><testsuites name="pytest tests"><testsuite name="pytest" errors="0" failures="0" skipped="0" tests="10" time="91.696" timestamp="2026-05-25T20:43:09.627829+00:00" hostname="agent-env-7ac52215-7f1a-46c4-bd6f-8a7a25b5dccb"><testcase classname="backend.tests.iteration14_xlsx_skipped_integrity_test.TestXlsxIngest" name="test_xlsx_ingest_2_good_1_bad" time="22.528" /><testcase classname="backend.tests.iteration14_xlsx_skipped_integrity_test.TestXlsxIngest" name="test_xlsx_integrity_endpoint" time="0.168" /><testcase classname="backend.tests.iteration14_xlsx_skipped_integrity_test.TestXlsxIngest" name="test_xlsx_download_skipped_rows_csv" time="0.117" /><testcase classname="backend.tests.iteration14_xlsx_skipped_integrity_test.TestCsvReupload" name="test_second_run_reports_updated" time="45.259" /><testcase classname="backend.tests.iteration14_xlsx_skipped_integrity_test.TestTxnIntegrityTagging" name="test_transactions_db_rows_tag" time="22.821" /><testcase classname="backend.tests.iteration14_xlsx_skipped_integrity_test.TestRejectedFileTypes" name="test_xls_rejected" time="0.118" /><testcase classname="backend.tests.iteration14_xlsx_skipped_integrity_test.TestRejectedFileTypes" name="test_txt_rejected" time="0.113" /><testcase classname="backend.tests.iteration14_xlsx_skipped_integrity_test.TestCommandCenterRegression" name="test_active_leq_total[30d]" time="0.122" /><testcase classname="backend.tests.iteration14_xlsx_skipped_integrity_test.TestCommandCenterRegression" name="test_active_leq_total[1y]" time="0.108" /><testcase classname="backend.tests.iteration14_xlsx_skipped_integrity_test.TestCommandCenterRegression" name="test_active_leq_total[all]" time="0.110" /></testsuite></testsuites>