<?xml version="1.0" encoding="utf-8"?><testsuites name="pytest tests"><testsuite name="pytest" errors="0" failures="0" skipped="0" tests="16" time="12.830" timestamp="2026-05-19T09:51:12.817121+00:00" hostname="agent-env-27590e8e-3929-4b67-b616-ef481f13c889"><testcase classname="backend.tests.iteration6_communications_test.TestProviderConfig" name="test_get_masked" time="0.487" /><testcase classname="backend.tests.iteration6_communications_test.TestProviderConfig" name="test_patch_updates_only_provided" time="0.116" /><testcase classname="backend.tests.iteration6_communications_test.TestProviderConfig" name="test_patch_masked_secret_not_overwriting" time="0.198" /><testcase classname="backend.tests.iteration6_communications_test.TestProviderConfig" name="test_patch_role_forbidden" time="0.422" /><testcase classname="backend.tests.iteration6_communications_test.TestTemplatesCRUD" name="test_create_invalid_channel" time="0.101" /><testcase classname="backend.tests.iteration6_communications_test.TestTemplatesCRUD" name="test_create_invalid_event" time="0.106" /><testcase classname="backend.tests.iteration6_communications_test.TestTemplatesCRUD" name="test_create_sms_purchase" time="0.102" /><testcase classname="backend.tests.iteration6_communications_test.TestTemplatesCRUD" name="test_list_by_channel" time="0.097" /><testcase classname="backend.tests.iteration6_communications_test.TestTemplatesCRUD" name="test_patch" time="0.116" /><testcase classname="backend.tests.iteration6_communications_test.TestTemplatesCRUD" name="test_delete_z" time="0.313" /><testcase classname="backend.tests.iteration6_communications_test.TestAI" name="test_ai_suggest_sms" time="5.956" /><testcase classname="backend.tests.iteration6_communications_test.TestAI" name="test_ai_improve" time="1.849" /><testcase classname="backend.tests.iteration6_communications_test.TestSendKarix" name="test_send_sms" time="1.106" /><testcase classname="backend.tests.iteration6_communications_test.TestFireOnPOS" name="test_pos_issue_points_fires_purchase_sms" time="1.327" /><testcase classname="backend.tests.iteration6_communications_test.TestBulkSend" name="test_dry_run" time="0.329" /><testcase classname="backend.tests.iteration6_communications_test.TestMessageLog" name="test_list" time="0.106" /></testsuite></testsuites>