<?xml version="1.0" encoding="utf-8"?><testsuites name="pytest tests"><testsuite name="pytest" errors="0" failures="0" skipped="0" tests="5" time="2.936" timestamp="2026-06-24T17:20:17.692604+00:00" hostname="agent-env-8a7ab5d1-9e89-4df4-bcf3-7d9207b5bbb7"><testcase classname="backend.tests.iteration34_pos_json_envelope_test.TestForcedExceptionReturnsJsonEnvelope" name="test_transaction_as_string_returns_pos_envelope_not_plaintext" time="0.269" /><testcase classname="backend.tests.iteration34_pos_json_envelope_test.TestPosAddPointHappyPath" name="test_valid_bill_returns_200_envelope" time="0.357" /><testcase classname="backend.tests.iteration34_pos_json_envelope_test.TestPosCustomerCheck" name="test_customer_check_returns_json" time="0.108" /><testcase classname="backend.tests.iteration34_pos_json_envelope_test.TestPaymentModeListOfStrings" name="test_payment_mode_strings_does_not_crash" time="0.385" /><testcase classname="backend.tests.iteration34_pos_json_envelope_test.TestApiLogsCapturedTraceback" name="test_api_logs_has_unhandled_exception_entry" time="1.739" /></testsuite></testsuites>