<?xml version="1.0" encoding="utf-8"?><testsuites name="pytest tests"><testsuite name="pytest" errors="0" failures="0" skipped="0" tests="11" time="2.813" timestamp="2026-05-19T09:00:19.350808+00:00" hostname="agent-env-27590e8e-3929-4b67-b616-ef481f13c889"><testcase classname="backend.tests.iteration5_test.TestCohorts" name="test_cohorts_schema" time="0.672" /><testcase classname="backend.tests.iteration5_test.TestCohorts" name="test_freq_segments_mutual_exclusive" time="0.218" /><testcase classname="backend.tests.iteration5_test.TestCohorts" name="test_spend_segments_count" time="0.169" /><testcase classname="backend.tests.iteration5_test.TestCohorts" name="test_one_timer" time="0.163" /><testcase classname="backend.tests.iteration5_test.TestCohorts" name="test_retention_triangle" time="0.164" /><testcase classname="backend.tests.iteration5_test.TestPointsEcon" name="test_points_schema" time="0.152" /><testcase classname="backend.tests.iteration5_test.TestCampaignROI" name="test_campaign_roi_schema" time="0.102" /><testcase classname="backend.tests.iteration5_test.TestExecSummary" name="test_exec_summary_schema" time="0.151" /><testcase classname="backend.tests.iteration5_test.TestExecSummary" name="test_exec_summary_pdf" time="0.239" /><testcase classname="backend.tests.iteration5_test.TestFormulaCatalog" name="test_formula_catalog" time="0.102" /><testcase classname="backend.tests.iteration5_test.TestAuth" name="test_no_auth_rejected" time="0.607" /></testsuite></testsuites>