<?xml version="1.0" encoding="utf-8"?><testsuites name="pytest tests"><testsuite name="pytest" errors="0" failures="0" skipped="0" tests="7" time="28.736" timestamp="2026-06-26T07:29:33.384289+00:00" hostname="agent-env-8a7ab5d1-9e89-4df4-bcf3-7d9207b5bbb7"><testcase classname="backend.tests.iteration74_recon_large_test.TestLargeReconNoStall" name="test_200k_rows_completes_and_backend_responsive" time="21.043" /><testcase classname="backend.tests.iteration74_recon_large_test.TestDeepScanFlag" name="test_deep_scan_false_yields_null_extra" time="2.517" /><testcase classname="backend.tests.iteration74_recon_large_test.TestDeepScanFlag" name="test_deep_scan_true_yields_int_extra_items" time="0.384" /><testcase classname="backend.tests.iteration74_recon_large_test.TestCancel" name="test_cancel_running_job" time="4.120" /><testcase classname="backend.tests.iteration74_recon_large_test.TestJobsListHealthy" name="test_jobs_list_ok" time="0.320" /><testcase classname="backend.tests.iteration74_recon_large_test.TestRBAC" name="test_no_auth_init_rejected" time="0.125" /><testcase classname="backend.tests.iteration74_recon_large_test.TestRBAC" name="test_no_auth_cancel_rejected" time="0.153" /></testsuite></testsuites>