<?xml version="1.0" encoding="utf-8"?><testsuites name="pytest tests"><testsuite name="pytest" errors="0" failures="10" skipped="0" tests="32" time="229.360" timestamp="2026-06-11T11:58:43.870068+00:00" hostname="agent-env-6d394029-d659-40b7-a1bc-bad4954ef780"><testcase classname="backend.tests.iteration71_dashboards_recon_test" name="test_login_returns_token" time="2.393" /><testcase classname="backend.tests.iteration71_dashboards_recon_test" name="test_command_center_period_all" time="8.097" /><testcase classname="backend.tests.iteration71_dashboards_recon_test" name="test_dashboard_kpis_all" time="6.721"><failure message="AssertionError: assert 0 &gt; 0&#10; +  where 0 = &lt;built-in method get of dict object at 0xf907fb9b6000&gt;('net_sales', 0)&#10; +    where &lt;built-in method get of dict object at 0xf907fb9b6000&gt; = {'aov': 4699.69, 'atv': 4699.69, 'delta_pct': None, 'discount': 203385213.31, ...}.get">backend/tests/iteration71_dashboards_recon_test.py:76: in test_dashboard_kpis_all
    assert sales.get("net_sales", 0) &gt; 0
E   AssertionError: assert 0 &gt; 0
E    +  where 0 = &lt;built-in method get of dict object at 0xf907fb9b6000&gt;('net_sales', 0)
E    +    where &lt;built-in method get of dict object at 0xf907fb9b6000&gt; = {'aov': 4699.69, 'atv': 4699.69, 'delta_pct': None, 'discount': 203385213.31, ...}.get</failure></testcase><testcase classname="backend.tests.iteration71_dashboards_recon_test" name="test_sales_trend_monthly" time="16.157"><failure message="AttributeError: 'list' object has no attribute 'get'">backend/tests/iteration71_dashboards_recon_test.py:86: in test_sales_trend_monthly
    buckets = j.get("buckets") or j.get("data") or j
              ^^^^^
E   AttributeError: 'list' object has no attribute 'get'</failure></testcase><testcase classname="backend.tests.iteration71_dashboards_recon_test" name="test_sales_trend_daily_30d" time="0.178"><failure message="AttributeError: 'list' object has no attribute 'get'">backend/tests/iteration71_dashboards_recon_test.py:101: in test_sales_trend_daily_30d
    buckets = j.get("buckets") or j.get("data") or []
              ^^^^^
E   AttributeError: 'list' object has no attribute 'get'</failure></testcase><testcase classname="backend.tests.iteration71_dashboards_recon_test" name="test_city_performance_no_500" time="5.172"><failure message="AttributeError: 'list' object has no attribute 'get'">backend/tests/iteration71_dashboards_recon_test.py:114: in test_city_performance_no_500
    cities = j.get("cities") or j.get("data") or []
             ^^^^^
E   AttributeError: 'list' object has no attribute 'get'</failure></testcase><testcase classname="backend.tests.iteration71_dashboards_recon_test" name="test_category_mix_no_empty" time="5.335"><failure message="AttributeError: 'list' object has no attribute 'get'">backend/tests/iteration71_dashboards_recon_test.py:125: in test_category_mix_no_empty
    cats = j.get("categories") or j.get("data") or []
           ^^^^^
E   AttributeError: 'list' object has no attribute 'get'</failure></testcase><testcase classname="backend.tests.iteration71_dashboards_recon_test" name="test_executive_summary" time="6.690"><failure message="AssertionError: assert 0 &gt; 0&#10; +  where 0 = &lt;built-in method get of dict object at 0xf907fb434e80&gt;('net', 0)&#10; +    where &lt;built-in method get of dict object at 0xf907fb434e80&gt; = {}.get">backend/tests/iteration71_dashboards_recon_test.py:139: in test_executive_summary
    assert sales.get("net", 0) &gt; 0
E   AssertionError: assert 0 &gt; 0
E    +  where 0 = &lt;built-in method get of dict object at 0xf907fb434e80&gt;('net', 0)
E    +    where &lt;built-in method get of dict object at 0xf907fb434e80&gt; = {}.get</failure></testcase><testcase classname="backend.tests.iteration71_dashboards_recon_test" name="test_store_performance_v2" time="19.311" /><testcase classname="backend.tests.iteration71_dashboards_recon_test" name="test_rfm_all_customers" time="3.111" /><testcase classname="backend.tests.iteration71_dashboards_recon_test" name="test_cohorts_segmentation" time="26.591"><failure message="assert (True and 0 &gt; 0)&#10; +  where True = isinstance([], list)&#10; +  and   0 = len([])">backend/tests/iteration71_dashboards_recon_test.py:179: in test_cohorts_segmentation
    assert isinstance(freq, list) and len(freq) &gt; 0
E   assert (True and 0 &gt; 0)
E    +  where True = isinstance([], list)
E    +  and   0 = len([])</failure></testcase><testcase classname="backend.tests.iteration71_dashboards_recon_test" name="test_points_economics" time="11.829" /><testcase classname="backend.tests.iteration71_dashboards_recon_test" name="test_analytics_dashboards[sales-dashboard]" time="9.118" /><testcase classname="backend.tests.iteration71_dashboards_recon_test" name="test_analytics_dashboards[customer-dashboard]" time="5.893" /><testcase classname="backend.tests.iteration71_dashboards_recon_test" name="test_analytics_dashboards[loyalty-dashboard]" time="6.806" /><testcase classname="backend.tests.iteration71_dashboards_recon_test" name="test_analytics_dashboards[store-dashboard]" time="18.513" /><testcase classname="backend.tests.iteration71_dashboards_recon_test" name="test_legacy_report[customer-data]" time="0.276" /><testcase classname="backend.tests.iteration71_dashboards_recon_test" name="test_legacy_report[transaction-data]" time="0.803" /><testcase classname="backend.tests.iteration71_dashboards_recon_test" name="test_legacy_report[repeat-customers]" time="0.119" /><testcase classname="backend.tests.iteration71_dashboards_recon_test" name="test_legacy_report[top-customers]" time="0.055" /><testcase classname="backend.tests.iteration71_dashboards_recon_test" name="test_legacy_report[fraud-report]" time="22.842" /><testcase classname="backend.tests.iteration71_dashboards_recon_test" name="test_legacy_report[pending-bills]" time="17.632" /><testcase classname="backend.tests.iteration71_dashboards_recon_test" name="test_legacy_report[feedback-data]" time="0.066" /><testcase classname="backend.tests.iteration71_dashboards_recon_test" name="test_legacy_report[missed-calls]" time="0.047" /><testcase classname="backend.tests.iteration71_dashboards_recon_test" name="test_legacy_report[location-wise-customers]" time="1.882" /><testcase classname="backend.tests.iteration71_dashboards_recon_test" name="test_legacy_report[expiry-points]" time="0.306" /><testcase classname="backend.tests.iteration71_dashboards_recon_test" name="test_legacy_report[active-coupons]" time="0.051" /><testcase classname="backend.tests.iteration71_dashboards_recon_test" name="test_raw_repeat_purchases" time="0.053"><failure message="AssertionError: 422 {&quot;detail&quot;:[{&quot;type&quot;:&quot;missing&quot;,&quot;loc&quot;:[&quot;query&quot;,&quot;f&quot;],&quot;msg&quot;:&quot;Field required&quot;,&quot;input&quot;:null,&quot;url&quot;:&quot;https://errors.pydantic.dev/2.13/v/missing&quot;}]}&#10;assert 422 == 200&#10; +  where 422 = &lt;Response [422]&gt;.status_code">backend/tests/iteration71_dashboards_recon_test.py:245: in test_raw_repeat_purchases
    assert r.status_code == 200, f"{r.status_code} {r.text[:300]}"
E   AssertionError: 422 {"detail":[{"type":"missing","loc":["query","f"],"msg":"Field required","input":null,"url":"https://errors.pydantic.dev/2.13/v/missing"}]}
E   assert 422 == 200
E    +  where 422 = &lt;Response [422]&gt;.status_code</failure></testcase><testcase classname="backend.tests.iteration71_dashboards_recon_test" name="test_raw_customers_by_visit" time="0.049"><failure message="AssertionError: 422 {&quot;detail&quot;:[{&quot;type&quot;:&quot;missing&quot;,&quot;loc&quot;:[&quot;query&quot;,&quot;f&quot;],&quot;msg&quot;:&quot;Field required&quot;,&quot;input&quot;:null,&quot;url&quot;:&quot;https://errors.pydantic.dev/2.13/v/missing&quot;}]}&#10;assert 422 == 200&#10; +  where 422 = &lt;Response [422]&gt;.status_code">backend/tests/iteration71_dashboards_recon_test.py:262: in test_raw_customers_by_visit
    assert r.status_code == 200, f"{r.status_code} {r.text[:300]}"
E   AssertionError: 422 {"detail":[{"type":"missing","loc":["query","f"],"msg":"Field required","input":null,"url":"https://errors.pydantic.dev/2.13/v/missing"}]}
E   assert 422 == 200
E    +  where 422 = &lt;Response [422]&gt;.status_code</failure></testcase><testcase classname="backend.tests.iteration71_dashboards_recon_test" name="test_raw_drill_customers_by_visit" time="0.047"><failure message="AssertionError: 422 {&quot;detail&quot;:[{&quot;type&quot;:&quot;missing&quot;,&quot;loc&quot;:[&quot;body&quot;,&quot;group_by&quot;],&quot;msg&quot;:&quot;Field required&quot;,&quot;input&quot;:{&quot;report&quot;:&quot;customers_by_visit&quot;,&quot;visits&quot;:1,&quot;page&quot;:1,&quot;page_size&quot;:10},&quot;url&quot;:&quot;https://errors.pydantic.dev/2.13/v/missing&quot;},{&quot;type&quot;:&quot;missing&quot;,&quot;loc&quot;:[&quot;body&quot;,&quot;group_key&quot;],&quot;msg&quot;:&quot;Field required&quot;,&quot;input&quot;:{&quot;report&quot;:&quot;customer&#10;assert 422 == 200&#10; +  where 422 = &lt;Response [422]&gt;.status_code">backend/tests/iteration71_dashboards_recon_test.py:268: in test_raw_drill_customers_by_visit
    assert r.status_code == 200, f"{r.status_code} {r.text[:300]}"
E   AssertionError: 422 {"detail":[{"type":"missing","loc":["body","group_by"],"msg":"Field required","input":{"report":"customers_by_visit","visits":1,"page":1,"page_size":10},"url":"https://errors.pydantic.dev/2.13/v/missing"},{"type":"missing","loc":["body","group_key"],"msg":"Field required","input":{"report":"customer
E   assert 422 == 200
E    +  where 422 = &lt;Response [422]&gt;.status_code</failure></testcase><testcase classname="backend.tests.iteration71_dashboards_recon_test" name="test_recon_full_flow" time="6.848" /><testcase classname="backend.tests.iteration71_dashboards_recon_test" name="test_ai_run_aggregation" time="26.148" /></testsuite></testsuites>