<?xml version="1.0" encoding="utf-8"?><testsuites name="pytest tests"><testsuite name="pytest" errors="0" failures="0" skipped="0" tests="22" time="24.840" timestamp="2026-05-23T21:48:07.033230+00:00" hostname="agent-env-7ac52215-7f1a-46c4-bd6f-8a7a25b5dccb"><testcase classname="backend.tests.iteration12_raw_reports_test" name="test_customer_data_groupings[location]" time="0.578" /><testcase classname="backend.tests.iteration12_raw_reports_test" name="test_customer_data_groupings[city]" time="0.144" /><testcase classname="backend.tests.iteration12_raw_reports_test" name="test_customer_data_groupings[state]" time="0.187" /><testcase classname="backend.tests.iteration12_raw_reports_test" name="test_customer_data_groupings[zone]" time="0.111" /><testcase classname="backend.tests.iteration12_raw_reports_test" name="test_customer_data_groupings[month]" time="0.115" /><testcase classname="backend.tests.iteration12_raw_reports_test" name="test_customer_data_groupings[tier]" time="0.098" /><testcase classname="backend.tests.iteration12_raw_reports_test" name="test_customer_data_month_differs_from_location" time="0.220" /><testcase classname="backend.tests.iteration12_raw_reports_test" name="test_customer_data_tier_differs" time="0.136" /><testcase classname="backend.tests.iteration12_raw_reports_test" name="test_transaction_data[location]" time="0.139" /><testcase classname="backend.tests.iteration12_raw_reports_test" name="test_transaction_data[city]" time="0.118" /><testcase classname="backend.tests.iteration12_raw_reports_test" name="test_transaction_data[state]" time="0.115" /><testcase classname="backend.tests.iteration12_raw_reports_test" name="test_transaction_data[zone]" time="0.116" /><testcase classname="backend.tests.iteration12_raw_reports_test" name="test_transaction_data[month]" time="0.113" /><testcase classname="backend.tests.iteration12_raw_reports_test" name="test_repeat_purchases" time="0.129" /><testcase classname="backend.tests.iteration12_raw_reports_test" name="test_earn_redeem" time="0.109" /><testcase classname="backend.tests.iteration12_raw_reports_test" name="test_customers_by_visit" time="0.103" /><testcase classname="backend.tests.iteration12_raw_reports_test" name="test_drill_customer_data" time="0.251" /><testcase classname="backend.tests.iteration12_raw_reports_test" name="test_drill_visits_bucket" time="0.119" /><testcase classname="backend.tests.iteration12_raw_reports_test" name="test_narrative" time="20.833" /><testcase classname="backend.tests.iteration12_raw_reports_test" name="test_export[csv-text/csv]" time="0.219" /><testcase classname="backend.tests.iteration12_raw_reports_test" name="test_export[xlsx-spreadsheetml]" time="0.576" /><testcase classname="backend.tests.iteration12_raw_reports_test" name="test_export[pdf-application/pdf]" time="0.213" /></testsuite></testsuites>