<?xml version="1.0" encoding="utf-8"?><testsuites name="pytest tests"><testsuite name="pytest" errors="0" failures="0" skipped="0" tests="22" time="2.626" timestamp="2026-05-19T08:31:57.550873+00:00" hostname="agent-env-27590e8e-3929-4b67-b616-ef481f13c889"><testcase classname="backend.tests.iteration4_test.TestCustomer360V2" name="test_404_on_unknown_id" time="0.486" /><testcase classname="backend.tests.iteration4_test.TestCustomer360V2" name="test_returns_full_payload" time="0.273" /><testcase classname="backend.tests.iteration4_test.TestStorePerformanceV2" name="test_period_variants[7]" time="0.141" /><testcase classname="backend.tests.iteration4_test.TestStorePerformanceV2" name="test_period_variants[30]" time="0.149" /><testcase classname="backend.tests.iteration4_test.TestStorePerformanceV2" name="test_period_variants[90]" time="0.211" /><testcase classname="backend.tests.iteration4_test.TestStorePerformanceV2" name="test_leaderboard_structure" time="0.147" /><testcase classname="backend.tests.iteration4_test.TestStorePerformanceV2" name="test_by_city_has_stores_count" time="0.144" /><testcase classname="backend.tests.iteration4_test.TestRFMDashboard" name="test_structure" time="0.112" /><testcase classname="backend.tests.iteration4_test.TestRFMDashboard" name="test_cutoffs" time="0.000" /><testcase classname="backend.tests.iteration4_test.TestRFMDashboard" name="test_heatmap_25_cells" time="0.000" /><testcase classname="backend.tests.iteration4_test.TestRFMDashboard" name="test_heatmap_count_sum_equals_total" time="0.000" /><testcase classname="backend.tests.iteration4_test.TestRFMDashboard" name="test_11_segments_exist" time="0.000" /><testcase classname="backend.tests.iteration4_test.TestRFMDashboard" name="test_segment_counts_close_to_total" time="0.000" /><testcase classname="backend.tests.iteration4_test.TestRFMDashboard" name="test_churn_buckets" time="0.000" /><testcase classname="backend.tests.iteration4_test.TestAuth" name="test_customer_360_requires_auth" time="0.093" /><testcase classname="backend.tests.iteration4_test.TestAuth" name="test_store_perf_v2_requires_auth" time="0.095" /><testcase classname="backend.tests.iteration4_test.TestAuth" name="test_rfm_requires_auth" time="0.125" /><testcase classname="backend.tests.iteration4_test.TestRegression" name="test_command_center" time="0.140" /><testcase classname="backend.tests.iteration4_test.TestRegression" name="test_sales_dashboard" time="0.120" /><testcase classname="backend.tests.iteration4_test.TestRegression" name="test_customer_dashboard" time="0.104" /><testcase classname="backend.tests.iteration4_test.TestRegression" name="test_loyalty_dashboard" time="0.109" /><testcase classname="backend.tests.iteration4_test.TestRegression" name="test_campaign_dashboard" time="0.097" /></testsuite></testsuites>