<?xml version="1.0" encoding="utf-8"?><testsuites name="pytest tests"><testsuite name="pytest" errors="0" failures="0" skipped="0" tests="28" time="4.420" timestamp="2026-06-05T14:30:14.574162+00:00" hostname="agent-env-8a194752-b9c8-487b-bd6a-92d16919cab7"><testcase classname="backend.tests.iteration15_support_desk_legacy_reports_test.TestSupportDeskReads" name="test_redeem_points_otp" time="0.667" /><testcase classname="backend.tests.iteration15_support_desk_legacy_reports_test.TestSupportDeskReads" name="test_redeem_coupon_otp" time="0.125" /><testcase classname="backend.tests.iteration15_support_desk_legacy_reports_test.TestSupportDeskReads" name="test_redeemed_coupons" time="0.100" /><testcase classname="backend.tests.iteration15_support_desk_legacy_reports_test.TestSupportDeskReads" name="test_redeemed_points" time="0.128" /><testcase classname="backend.tests.iteration15_support_desk_legacy_reports_test.TestSupportDeskReads" name="test_deactivated_customers" time="0.151" /><testcase classname="backend.tests.iteration15_support_desk_legacy_reports_test.TestSupportDeskReads" name="test_reactivated_customers" time="0.146" /><testcase classname="backend.tests.iteration15_support_desk_legacy_reports_test.TestSupportDeskReads" name="test_unsubscribed" time="0.140" /><testcase classname="backend.tests.iteration15_support_desk_legacy_reports_test.TestSupportDeskReads" name="test_audit_log" time="0.115" /><testcase classname="backend.tests.iteration15_support_desk_legacy_reports_test.TestSupportDeskWriteFlow" name="test_deactivate" time="0.244" /><testcase classname="backend.tests.iteration15_support_desk_legacy_reports_test.TestSupportDeskWriteFlow" name="test_deactivated_list_contains" time="0.108" /><testcase classname="backend.tests.iteration15_support_desk_legacy_reports_test.TestSupportDeskWriteFlow" name="test_reactivate" time="0.110" /><testcase classname="backend.tests.iteration15_support_desk_legacy_reports_test.TestSupportDeskWriteFlow" name="test_reactivated_list_contains" time="0.135" /><testcase classname="backend.tests.iteration15_support_desk_legacy_reports_test.TestSupportDeskWriteFlow" name="test_unsubscribe_resubscribe" time="0.371" /><testcase classname="backend.tests.iteration15_support_desk_legacy_reports_test.TestSupportDeskWriteFlow" name="test_audit_log_has_entries" time="0.106" /><testcase classname="backend.tests.iteration15_support_desk_legacy_reports_test.TestLegacyReports" name="test_customer_data" time="0.132" /><testcase classname="backend.tests.iteration15_support_desk_legacy_reports_test.TestLegacyReports" name="test_customer_data_csv_export" time="0.102" /><testcase classname="backend.tests.iteration15_support_desk_legacy_reports_test.TestLegacyReports" name="test_transaction_data" time="0.105" /><testcase classname="backend.tests.iteration15_support_desk_legacy_reports_test.TestLegacyReports" name="test_repeat_customers" time="0.096" /><testcase classname="backend.tests.iteration15_support_desk_legacy_reports_test.TestLegacyReports" name="test_top_customers_sort[purchase]" time="0.132" /><testcase classname="backend.tests.iteration15_support_desk_legacy_reports_test.TestLegacyReports" name="test_top_customers_sort[visits]" time="0.123" /><testcase classname="backend.tests.iteration15_support_desk_legacy_reports_test.TestLegacyReports" name="test_top_customers_sort[points]" time="0.108" /><testcase classname="backend.tests.iteration15_support_desk_legacy_reports_test.TestLegacyReports" name="test_fraud_report" time="0.109" /><testcase classname="backend.tests.iteration15_support_desk_legacy_reports_test.TestLegacyReports" name="test_pending_bills" time="0.110" /><testcase classname="backend.tests.iteration15_support_desk_legacy_reports_test.TestLegacyReports" name="test_feedback_data" time="0.099" /><testcase classname="backend.tests.iteration15_support_desk_legacy_reports_test.TestLegacyReports" name="test_missed_calls" time="0.108" /><testcase classname="backend.tests.iteration15_support_desk_legacy_reports_test.TestLegacyReports" name="test_location_wise_customers" time="0.110" /><testcase classname="backend.tests.iteration15_support_desk_legacy_reports_test.TestLegacyReports" name="test_expiry_points" time="0.141" /><testcase classname="backend.tests.iteration15_support_desk_legacy_reports_test.TestLegacyReports" name="test_active_coupons" time="0.113" /></testsuite></testsuites>