<?xml version="1.0" encoding="utf-8"?><testsuites name="pytest tests"><testsuite name="pytest" errors="0" failures="1" skipped="0" tests="18" time="84.890" timestamp="2026-06-11T14:13:24.896801+00:00" hostname="agent-env-6d394029-d659-40b7-a1bc-bad4954ef780"><testcase classname="backend.tests.iteration72_perf_ai_brain_test.TestAuth" name="test_login_returns_token" time="2.823" /><testcase classname="backend.tests.iteration72_perf_ai_brain_test.TestCohortLibrary" name="test_cohort_library_cold_and_warm" time="4.913" /><testcase classname="backend.tests.iteration72_perf_ai_brain_test.TestCohortLibrary" name="test_cohort_library_counts" time="0.617" /><testcase classname="backend.tests.iteration72_perf_ai_brain_test.TestCohortLibrary" name="test_cohort_preview_one_timer" time="2.743"><failure message="AssertionError: one_timer preview count low: {'cohort': {'id': 'one_timer', 'name': 'One-Timer · Overall', 'tree': {'op': 'AND', 'rules': [{'field': 'lifecycle', 'operator': 'in', 'value': ['one_timer']}]}}, 'matched_total': 568982, 'reach': {'whatsapp': 568982, 'sms': 568982, 'email': 0, 'opted_out': 0}, 'sample': [{'mobile': '6000013876', 'city': None, 'first_purchase_at': '2022-10-28T00:00:00+00:00', 'id': '3fd5b33cf7f14b0a810f632a26031368', 'last_visit_at': '2022-10-28T00:00:00+00:00', 'lifetime_spend': 13920.0, 'name': 'KARAN SINGH', 'tier': 'silver', 'visit_count': 1}, {'mobile': '6000047990', 'city': None, 'first_purchase_at': '2024-08-02T00:00:00+00:00', 'id': '64b7bba634ca41d2893da30702fa4181', 'last_visit_at': '2024-08-02T00:00:00+00:00', 'lifetime_spend': 2690.0, 'name': 'SANTANA', 'tier': 'silver', 'visit_count': 1}, {'mobile': '6000052733', 'city': None, 'first_purchase_at': '2022-02-18T00:00:00+00:00', 'id': 'd661553d13074458834eaf9f244fb4a3', 'last_visit_at': '2022-02-18T00:00:00+00:00', 'lifetime_spend': 2495.0, 'name': 'SIDDARH BARBHUIYA', 'tier': 'silver', 'visit_count': 1}, {'mobile': '6000062369', 'city': 'Hojai', 'first_purchase_at': '2025-12-18T00:00:00+00:00', 'id': '33b3dd59b5b34725bf342c14def5aab8', 'last_visit_at': '2025-12-18T00:00:00+00:00', 'lifetime_spend': 2695.0, 'name': 'Kangkana .', 'tier': 'silver', 'visit_count': 1}, {'mobile': '6000064746', 'city': None, 'first_purchase_at': '2021-08-14T00:00:00+00:00', 'id': '5ed2701e746e4d44a7345287c3524cc5', 'last_visit_at': '2021-08-14T00:00:00+00:00', 'lifetime_spend': 1690.0, 'name': 'apsara', 'tier': 'silver', 'visit_count': 1}], 'compiled_filter': {'$and': [{'$or': [{'visit_count': 1}]}]}}&#10;assert (None)">backend/tests/iteration72_perf_ai_brain_test.py:140: in test_cohort_preview_one_timer
    assert count and count &gt; 100000, f"one_timer preview count low: {body}"
E   AssertionError: one_timer preview count low: {'cohort': {'id': 'one_timer', 'name': 'One-Timer · Overall', 'tree': {'op': 'AND', 'rules': [{'field': 'lifecycle', 'operator': 'in', 'value': ['one_timer']}]}}, 'matched_total': 568982, 'reach': {'whatsapp': 568982, 'sms': 568982, 'email': 0, 'opted_out': 0}, 'sample': [{'mobile': '6000013876', 'city': None, 'first_purchase_at': '2022-10-28T00:00:00+00:00', 'id': '3fd5b33cf7f14b0a810f632a26031368', 'last_visit_at': '2022-10-28T00:00:00+00:00', 'lifetime_spend': 13920.0, 'name': 'KARAN SINGH', 'tier': 'silver', 'visit_count': 1}, {'mobile': '6000047990', 'city': None, 'first_purchase_at': '2024-08-02T00:00:00+00:00', 'id': '64b7bba634ca41d2893da30702fa4181', 'last_visit_at': '2024-08-02T00:00:00+00:00', 'lifetime_spend': 2690.0, 'name': 'SANTANA', 'tier': 'silver', 'visit_count': 1}, {'mobile': '6000052733', 'city': None, 'first_purchase_at': '2022-02-18T00:00:00+00:00', 'id': 'd661553d13074458834eaf9f244fb4a3', 'last_visit_at': '2022-02-18T00:00:00+00:00', 'lifetime_spend': 2495.0, 'name': 'SIDDARH BARBHUIYA', 'tier': 'silver', 'visit_count': 1}, {'mobile': '6000062369', 'city': 'Hojai', 'first_purchase_at': '2025-12-18T00:00:00+00:00', 'id': '33b3dd59b5b34725bf342c14def5aab8', 'last_visit_at': '2025-12-18T00:00:00+00:00', 'lifetime_spend': 2695.0, 'name': 'Kangkana .', 'tier': 'silver', 'visit_count': 1}, {'mobile': '6000064746', 'city': None, 'first_purchase_at': '2021-08-14T00:00:00+00:00', 'id': '5ed2701e746e4d44a7345287c3524cc5', 'last_visit_at': '2021-08-14T00:00:00+00:00', 'lifetime_spend': 1690.0, 'name': 'apsara', 'tier': 'silver', 'visit_count': 1}], 'compiled_filter': {'$and': [{'$or': [{'visit_count': 1}]}]}}
E   assert (None)</failure></testcase><testcase classname="backend.tests.iteration72_perf_ai_brain_test.TestSalesDashboard" name="test_sales_dashboard_warm" time="9.767" /><testcase classname="backend.tests.iteration72_perf_ai_brain_test.TestSalesDashboard" name="test_sales_trend_warm" time="17.251" /><testcase classname="backend.tests.iteration72_perf_ai_brain_test.TestSalesDashboard" name="test_command_center" time="0.203" /><testcase classname="backend.tests.iteration72_perf_ai_brain_test.TestSalesDashboard" name="test_kpis" time="0.099" /><testcase classname="backend.tests.iteration72_perf_ai_brain_test.TestAIBrain" name="test_suggested_prompts" time="0.108" /><testcase classname="backend.tests.iteration72_perf_ai_brain_test.TestAIBrain" name="test_export_nonexistent" time="0.100" /><testcase classname="backend.tests.iteration72_perf_ai_brain_test.TestAIBrain" name="test_ai_chat_csv_export" time="16.671" /><testcase classname="backend.tests.iteration72_perf_ai_brain_test.TestAIBrain" name="test_ai_chat_markdown_table" time="18.828" /><testcase classname="backend.tests.iteration72_perf_ai_brain_test.TestRegression" name="test_regression_dashboards[/api/analytics/customer-dashboard]" time="0.218" /><testcase classname="backend.tests.iteration72_perf_ai_brain_test.TestRegression" name="test_regression_dashboards[/api/analytics/loyalty-dashboard]" time="7.036" /><testcase classname="backend.tests.iteration72_perf_ai_brain_test.TestRegression" name="test_regression_dashboards[/api/analytics/store-dashboard]" time="2.058" /><testcase classname="backend.tests.iteration72_perf_ai_brain_test.TestRegression" name="test_regression_dashboards[/api/dashboard/store-performance]" time="0.853" /><testcase classname="backend.tests.iteration72_perf_ai_brain_test.TestRegression" name="test_regression_dashboards[/api/dashboard/category-mix]" time="0.195" /><testcase classname="backend.tests.iteration72_perf_ai_brain_test.TestRegression" name="test_regression_dashboards[/api/dashboard/top-skus]" time="0.293" /></testsuite></testsuites>