<?xml version="1.0" encoding="utf-8"?><testsuites name="pytest tests"><testsuite name="pytest" errors="0" failures="0" skipped="0" tests="54" time="16.229" timestamp="2026-05-19T06:45:17.347303+00:00" hostname="agent-env-27590e8e-3929-4b67-b616-ef481f13c889"><testcase classname="backend.tests.backend_test.TestAuth" name="test_login_admin_enterprise" time="0.373" /><testcase classname="backend.tests.backend_test.TestAuth" name="test_login_invalid_password" time="0.341" /><testcase classname="backend.tests.backend_test.TestAuth" name="test_me_with_token" time="0.450" /><testcase classname="backend.tests.backend_test.TestAuth" name="test_me_without_token" time="0.105" /><testcase classname="backend.tests.backend_test.TestAuth" name="test_portal_gating_crm_user_into_store_portal" time="0.329" /><testcase classname="backend.tests.backend_test.TestAuth" name="test_portal_gating_crm_into_crm" time="0.324" /><testcase classname="backend.tests.backend_test.TestAuth" name="test_portal_gating_store_into_store" time="0.334" /><testcase classname="backend.tests.backend_test.TestUsers" name="test_list_users_as_admin" time="0.115" /><testcase classname="backend.tests.backend_test.TestUsers" name="test_create_user_brand_admin" time="0.449" /><testcase classname="backend.tests.backend_test.TestUsers" name="test_only_super_can_create_super" time="0.109" /><testcase classname="backend.tests.backend_test.TestDashboard" name="test_kpis" time="0.125" /><testcase classname="backend.tests.backend_test.TestDashboard" name="test_sales_trend" time="0.112" /><testcase classname="backend.tests.backend_test.TestDashboard" name="test_store_performance" time="0.107" /><testcase classname="backend.tests.backend_test.TestDashboard" name="test_category_mix" time="0.124" /><testcase classname="backend.tests.backend_test.TestDashboard" name="test_tier_distribution" time="0.109" /><testcase classname="backend.tests.backend_test.TestDashboard" name="test_top_skus" time="0.101" /><testcase classname="backend.tests.backend_test.TestCustomers" name="test_list" time="0.106" /><testcase classname="backend.tests.backend_test.TestCustomers" name="test_filter_by_tier" time="0.106" /><testcase classname="backend.tests.backend_test.TestCustomers" name="test_search_q" time="0.096" /><testcase classname="backend.tests.backend_test.TestCustomers" name="test_customer_360" time="0.246" /><testcase classname="backend.tests.backend_test.TestCustomers" name="test_award_points" time="0.099" /><testcase classname="backend.tests.backend_test.TestCustomers" name="test_deduct_points" time="0.108" /><testcase classname="backend.tests.backend_test.TestLoyalty" name="test_get_config" time="0.111" /><testcase classname="backend.tests.backend_test.TestLoyalty" name="test_update_config" time="0.256" /><testcase classname="backend.tests.backend_test.TestLoyalty" name="test_tier_stats" time="0.107" /><testcase classname="backend.tests.backend_test.TestCoupons" name="test_list" time="0.111" /><testcase classname="backend.tests.backend_test.TestCoupons" name="test_generate_code" time="0.098" /><testcase classname="backend.tests.backend_test.TestCoupons" name="test_create_coupon" time="0.110" /><testcase classname="backend.tests.backend_test.TestCoupons" name="test_validate_by_code" time="0.109" /><testcase classname="backend.tests.backend_test.TestCampaigns" name="test_list" time="0.113" /><testcase classname="backend.tests.backend_test.TestCampaigns" name="test_create" time="0.097" /><testcase classname="backend.tests.backend_test.TestCampaigns" name="test_launch" time="0.104" /><testcase classname="backend.tests.backend_test.TestAI" name="test_chat_top_churning" time="7.763" /><testcase classname="backend.tests.backend_test.TestAI" name="test_sessions_persist" time="0.128" /><testcase classname="backend.tests.backend_test.TestApiMonitor" name="test_health" time="0.101" /><testcase classname="backend.tests.backend_test.TestApiMonitor" name="test_recent" time="0.155" /><testcase classname="backend.tests.backend_test.TestApiMonitor" name="test_errors" time="0.117" /><testcase classname="backend.tests.backend_test.TestStores" name="test_list_stores" time="0.097" /><testcase classname="backend.tests.backend_test.TestPOS" name="test_validate_customer" time="0.200" /><testcase classname="backend.tests.backend_test.TestPOS" name="test_issue_otp" time="0.118" /><testcase classname="backend.tests.backend_test.TestPOS" name="test_issue_points" time="0.218" /><testcase classname="backend.tests.backend_test.TestPOS" name="test_redeem_coupon" time="0.122" /><testcase classname="backend.tests.backend_test.TestPublic" name="test_stores" time="0.114" /><testcase classname="backend.tests.backend_test.TestPublic" name="test_store_cities" time="0.098" /><testcase classname="backend.tests.backend_test.TestPublic" name="test_faqs" time="0.097" /><testcase classname="backend.tests.backend_test.TestPublic" name="test_register_interest" time="0.113" /><testcase classname="backend.tests.backend_test.TestNPS" name="test_summary" time="0.098" /><testcase classname="backend.tests.backend_test.TestNPS" name="test_by_store" time="0.101" /><testcase classname="backend.tests.backend_test.TestNPS" name="test_recent" time="0.115" /><testcase classname="backend.tests.backend_test.TestTickets" name="test_list" time="0.102" /><testcase classname="backend.tests.backend_test.TestTickets" name="test_update_status_and_note" time="0.313" /><testcase classname="backend.tests.backend_test.TestReports" name="test_transactions" time="0.102" /><testcase classname="backend.tests.backend_test.TestReports" name="test_audit_logs" time="0.103" /><testcase classname="backend.tests.backend_test.TestReports" name="test_csv_export" time="0.134" /></testsuite></testsuites>